<?xml version="1.0" encoding="UTF-8"?>
<!-- Generated by org.testng.reporters.JUnitReportReporter -->
<testsuite skipped="0" hostname="LAPTOP-L8E83HAR" name="AmazonSiteTesting.HomePageTest" tests="1" failures="0" timestamp="11 Dec 2020 11:26:31 GMT" time="5.292" errors="0">
  <testcase name="test" time="5.292" classname="AmazonSiteTesting.HomePageTest"/>
</testsuite> <!-- AmazonSiteTesting.HomePageTest -->
