<?xml version="1.0" encoding="UTF-8"?>
<!-- Generated by org.testng.reporters.JUnitReportReporter -->
<testsuite skipped="0" hostname="LAPTOP-L8E83HAR" name="AmazonSiteTesting.AmazonTest" tests="6" failures="0" timestamp="21 Dec 2020 10:02:39 GMT" time="65.081" errors="0">
  <testcase name="filter" time="12.223" classname="AmazonSiteTesting.AmazonTest"/>
  <testcase name="search" time="1.939" classname="AmazonSiteTesting.AmazonTest"/>
  <testcase name="homePageNavigation" time="8.186" classname="AmazonSiteTesting.AmazonTest"/>
  <testcase name="selectProduct" time="7.521" classname="AmazonSiteTesting.AmazonTest"/>
  <testcase name="addToCart" time="29.568" classname="AmazonSiteTesting.AmazonTest"/>
  <testcase name="goToCart" time="5.644" classname="AmazonSiteTesting.AmazonTest"/>
</testsuite> <!-- AmazonSiteTesting.AmazonTest -->
