<?xml version="1.0" encoding="UTF-8"?>
<!-- Generated by org.testng.reporters.JUnitReportReporter -->
<testsuite skipped="0" hostname="LAPTOP-L8E83HAR" name="AmazonSiteTesting.AmazonTest" tests="6" failures="0" timestamp="17 Jan 2021 14:22:26 GMT" time="34.000" errors="0">
  <testcase name="homePageNavigation" time="8.370" classname="AmazonSiteTesting.AmazonTest"/>
  <testcase name="selectProduct" time="2.028" classname="AmazonSiteTesting.AmazonTest"/>
  <testcase name="filter" time="5.744" classname="AmazonSiteTesting.AmazonTest"/>
  <testcase name="goToCart" time="1.469" classname="AmazonSiteTesting.AmazonTest"/>
  <testcase name="search" time="2.388" classname="AmazonSiteTesting.AmazonTest"/>
  <testcase name="addToCart" time="14.001" classname="AmazonSiteTesting.AmazonTest"/>
</testsuite> <!-- AmazonSiteTesting.AmazonTest -->
